<?xml version="1.0" encoding="UTF-8"?>
<testsuite xmlns:xsi="http://www.w3.org/2001/XMLSchema-instance" xsi:noNamespaceSchemaLocation="https://maven.apache.org/surefire/maven-surefire-plugin/xsd/surefire-test-report.xsd" name="com.guopaoedu.vip.AppTest" time="0.053" tests="1" errors="0" skipped="0" failures="0">
  <properties>
    <property name="sun.desktop" value="windows"/>
    <property name="awt.toolkit" value="sun.awt.windows.WToolkit"/>
    <property name="file.encoding.pkg" value="sun.io"/>
    <property name="java.specification.version" value="1.8"/>
    <property name="sun.cpu.isalist" value="amd64"/>
    <property name="sun.jnu.encoding" value="GBK"/>
    <property name="java.class.path" value="E:\project\rpc-server\rpc-server-api\target\test-classes;E:\project\rpc-server\rpc-server-api\target\classes;E:\Maven\repo\m2\junit\junit\4.11\junit-4.11.jar;E:\Maven\repo\m2\org\hamcrest\hamcrest-core\1.3\hamcrest-core-1.3.jar;"/>
    <property name="java.vm.vendor" value="Oracle Corporation"/>
    <property name="sun.arch.data.model" value="64"/>
    <property name="user.variant" value=""/>
    <property name="java.vendor.url" value="http://java.oracle.com/"/>
    <property name="user.timezone" value="Asia/Shanghai"/>
    <property name="java.vm.specification.version" value="1.8"/>
    <property name="os.name" value="Windows 7"/>
    <property name="user.country" value="CN"/>
    <property name="sun.java.launcher" value="SUN_STANDARD"/>
    <property name="sun.boot.library.path" value="D:\programFiles\java\jdk_1.8.0_181\jre\bin"/>
    <property name="sun.java.command" value="C:\Users\zq\AppData\Local\Temp\surefire8704654168812722203\surefirebooter3817720076956476599.jar C:\Users\zq\AppData\Local\Temp\surefire8704654168812722203 2020-04-20T17-33-58_369-jvmRun1 surefire2528976730093037014tmp surefire_07057227607348631913tmp"/>
    <property name="surefire.test.class.path" value="E:\project\rpc-server\rpc-server-api\target\test-classes;E:\project\rpc-server\rpc-server-api\target\classes;E:\Maven\repo\m2\junit\junit\4.11\junit-4.11.jar;E:\Maven\repo\m2\org\hamcrest\hamcrest-core\1.3\hamcrest-core-1.3.jar;"/>
    <property name="sun.cpu.endian" value="little"/>
    <property name="user.home" value="C:\Users\zq"/>
    <property name="user.language" value="zh"/>
    <property name="java.specification.vendor" value="Oracle Corporation"/>
    <property name="java.home" value="D:\programFiles\java\jdk_1.8.0_181\jre"/>
    <property name="basedir" value="E:\project\rpc-server\rpc-server-api"/>
    <property name="file.separator" value="\"/>
    <property name="line.separator" value="&#10;"/>
    <property name="java.vm.specification.vendor" value="Oracle Corporation"/>
    <property name="java.specification.name" value="Java Platform API Specification"/>
    <property name="java.awt.graphicsenv" value="sun.awt.Win32GraphicsEnvironment"/>
    <property name="surefire.real.class.path" value="C:\Users\zq\AppData\Local\Temp\surefire8704654168812722203\surefirebooter3817720076956476599.jar"/>
    <property name="sun.boot.class.path" value="D:\programFiles\java\jdk_1.8.0_181\jre\lib\resources.jar;D:\programFiles\java\jdk_1.8.0_181\jre\lib\rt.jar;D:\programFiles\java\jdk_1.8.0_181\jre\lib\sunrsasign.jar;D:\programFiles\java\jdk_1.8.0_181\jre\lib\jsse.jar;D:\programFiles\java\jdk_1.8.0_181\jre\lib\jce.jar;D:\programFiles\java\jdk_1.8.0_181\jre\lib\charsets.jar;D:\programFiles\java\jdk_1.8.0_181\jre\lib\jfr.jar;D:\programFiles\java\jdk_1.8.0_181\jre\classes"/>
    <property name="user.script" value=""/>
    <property name="sun.management.compiler" value="HotSpot 64-Bit Tiered Compilers"/>
    <property name="java.runtime.version" value="1.8.0_181-b13"/>
    <property name="user.name" value="zq1"/>
    <property name="path.separator" value=";"/>
    <property name="os.version" value="6.1"/>
    <property name="java.endorsed.dirs" value="D:\programFiles\java\jdk_1.8.0_181\jre\lib\endorsed"/>
    <property name="java.runtime.name" value="Java(TM) SE Runtime Environment"/>
    <property name="file.encoding" value="GBK"/>
    <property name="java.vm.name" value="Java HotSpot(TM) 64-Bit Server VM"/>
    <property name="localRepository" value="E:\Maven\repo\m2"/>
    <property name="java.vendor.url.bug" value="http://bugreport.sun.com/bugreport/"/>
    <property name="java.io.tmpdir" value="C:\Users\zq\AppData\Local\Temp\"/>
    <property name="idea.version" value="2017.3.5"/>
    <property name="java.version" value="1.8.0_181"/>
    <property name="user.dir" value="E:\project\rpc-server\rpc-server-api"/>
    <property name="os.arch" value="amd64"/>
    <property name="java.vm.specification.name" value="Java Virtual Machine Specification"/>
    <property name="java.awt.printerjob" value="sun.awt.windows.WPrinterJob"/>
    <property name="sun.os.patch.level" value="Service Pack 1"/>
    <property name="java.library.path" value="D:\programFiles\java\jdk_1.8.0_181\jre\bin;C:\Windows\Sun\Java\bin;C:\Windows\system32;C:\Windows;C:\Program Files (x86)\Common Files\Oracle\Java\javapath;C:\Program Files\Common Files\Microsoft Shared\Windows Live;C:\Program Files (x86)\NVIDIA Corporation\PhysX\Common;D:\app\zq\product\11.2.0\dbhome_1\bin;C:\Windows\system32;C:\Windows;C:\Windows\System32\Wbem;C:\Windows\System32\WindowsPowerShell\v1.0\;C:\Program Files (x86)\Microsoft SQL Server\100\Tools\Binn\;C:\Program Files\Microsoft SQL Server\100\Tools\Binn\;C:\Program Files\Microsoft SQL Server\100\DTS\Binn\;C:\Program Files (x86)\Microsoft SQL Server\100\Tools\Binn\VSShell\Common7\IDE\;C:\Program Files (x86)\Microsoft Visual Studio 9.0\Common7\IDE\PrivateAssemblies\;C:\Program Files (x86)\Microsoft SQL Server\100\DTS\Binn\;D:\svn_install\bin;C:\Program Files\MySQL\MySQL Server 5.5\bin;D:\programFiles\java\jdk_1.8.0_181\bin;D:\programFiles\java\jdk_1.8.0_181\jre\bin;D:\dev\maven\apache-maven-3.3.9\bin\;C:\Program Files\Git\cmd;D:\dev\gradle\gradle-1.6\bin;D:\Program Files\;C:\Program Files\Common Files\Microsoft Shared\Windows Live;C:\Program Files (x86)\SSH Communications Security\SSH Secure Shell;C:\Users\zq\AppData\Roaming\npm;D:\Program Files\Fiddler;."/>
    <property name="java.vm.info" value="mixed mode"/>
    <property name="java.vendor" value="Oracle Corporation"/>
    <property name="java.vm.version" value="25.181-b13"/>
    <property name="java.ext.dirs" value="D:\programFiles\java\jdk_1.8.0_181\jre\lib\ext;C:\Windows\Sun\Java\lib\ext"/>
    <property name="sun.io.unicode.encoding" value="UnicodeLittle"/>
    <property name="java.class.version" value="52.0"/>
  </properties>
  <testcase name="shouldAnswerWithTrue" classname="com.guopaoedu.vip.AppTest" time="0.003"/>
</testsuite>